◇ injected env (7) from .env // tip: ⌁ auth for agents [www.vestauth.com]
[32minfo[39m: MongoDB Connected: ac-jcq97vp-shard-00-02.dg1eofu.mongodb.net {"service":"visitrack","timestamp":"2026-04-11 23:14:10"}
[32minfo[39m: In-memory Cache Initialized {"service":"visitrack","timestamp":"2026-04-11 23:14:10"}
[32minfo[39m: VisiTrack Server running on port 5001 {"service":"visitrack","timestamp":"2026-04-11 23:14:10"}
[0mOPTIONS /api/v1/logs/telemetry [32m204[0m 6.076 ms - 0[0m
2026-04-11 23:14:30 [32minfo[39m: [FRONTEND] VisiTrack Frontend Initialized
[0mPOST /api/v1/logs/telemetry [32m204[0m 17.259 ms - -[0m
[0mOPTIONS /api/v1/logs/telemetry [32m204[0m 0.539 ms - 0[0m
2026-04-11 23:14:44 [32minfo[39m: [FRONTEND] VisiTrack Frontend Initialized
[0mPOST /api/v1/logs/telemetry [32m204[0m 1.539 ms - -[0m
[0mOPTIONS /api/v1/auth/login [32m204[0m 1.552 ms - 0[0m
[0mPOST /api/v1/auth/login [32m200[0m 212.118 ms - 975[0m
[0mOPTIONS /api/v1/dashboard/stats [32m204[0m 7.513 ms - 0[0m
[0mGET /api/v1/dashboard/stats [32m200[0m 617.688 ms - 481[0m
[0mOPTIONS /api/v1/users/organizer-requests [32m204[0m 2.112 ms - 0[0m
[0mGET /api/v1/users/organizer-requests [32m200[0m 61.140 ms - -[0m
[0mOPTIONS /api/v1/dashboard/stats [32m204[0m 0.641 ms - 0[0m
[0mGET /api/v1/dashboard/stats [32m200[0m 116.660 ms - 481[0m
[0mOPTIONS /api/v1/users/organizer-requests [32m204[0m 0.906 ms - 0[0m
[0mGET /api/v1/users/organizer-requests [36m304[0m 59.872 ms - -[0m
[0mOPTIONS /api/v1/dashboard/stats [32m204[0m 1.519 ms - 0[0m
[0mGET /api/v1/dashboard/stats [32m200[0m 85.121 ms - 481[0m
[0mOPTIONS /api/v1/users/organizer-requests [32m204[0m 0.957 ms - 0[0m
[0mGET /api/v1/users/organizer-requests [36m304[0m 50.842 ms - -[0m
[0mOPTIONS /api/v1/dashboard/stats [32m204[0m 12.626 ms - 0[0m
[0mGET /api/v1/dashboard/stats [32m200[0m 82.291 ms - 481[0m
[0mOPTIONS /api/v1/logs/telemetry [32m204[0m 0.775 ms - 0[0m
2026-04-11 23:16:12 [32minfo[39m: [FRONTEND] VisiTrack Frontend Initialized
[0mPOST /api/v1/logs/telemetry [32m204[0m 4.225 ms - -[0m
[0mOPTIONS /api/v1/users/organizer-requests [32m204[0m 0.316 ms - 0[0m
[0mGET /api/v1/users/organizer-requests [36m304[0m 47.610 ms - -[0m
[0mOPTIONS /api/v1/dashboard/stats [32m204[0m 1.196 ms - 0[0m
[0mGET /api/v1/dashboard/stats [32m200[0m 78.986 ms - 481[0m
[0mOPTIONS /api/v1/users/organizer-requests [32m204[0m 2.861 ms - 0[0m
[0mGET /api/v1/users/organizer-requests [36m304[0m 31.607 ms - -[0m
[0mOPTIONS /api/v1/dashboard/stats [32m204[0m 0.645 ms - 0[0m
[0mGET /api/v1/dashboard/stats [36m304[0m 84.905 ms - -[0m
[0mOPTIONS /api/v1/logs/telemetry [32m204[0m 0.800 ms - 0[0m
2026-04-11 23:16:51 [32minfo[39m: [FRONTEND] VisiTrack Frontend Initialized
[0mPOST /api/v1/logs/telemetry [32m204[0m 10.706 ms - -[0m
[0mOPTIONS /api/v1/users/organizer-requests [32m204[0m 0.323 ms - 0[0m
[0mGET /api/v1/users/organizer-requests [36m304[0m 34.504 ms - -[0m
[0mOPTIONS /api/v1/dashboard/stats [32m204[0m 2.628 ms - 0[0m
[0mGET /api/v1/dashboard/stats [32m200[0m 99.704 ms - 481[0m
[0mOPTIONS /api/v1/users/organizer-requests [32m204[0m 1.921 ms - 0[0m
[0mGET /api/v1/users/organizer-requests [36m304[0m 31.990 ms - -[0m
[0mOPTIONS /api/v1/dashboard/stats [32m204[0m 0.485 ms - 0[0m
[0mGET /api/v1/dashboard/stats [36m304[0m 91.602 ms - -[0m
[0mOPTIONS /api/v1/logs/telemetry [32m204[0m 2.542 ms - 0[0m
2026-04-11 23:17:33 [32minfo[39m: [FRONTEND] VisiTrack Frontend Initialized
[0mPOST /api/v1/logs/telemetry [32m204[0m 1.945 ms - -[0m
[0mOPTIONS /api/v1/users/organizer-requests [32m204[0m 7.568 ms - 0[0m
[0mGET /api/v1/users/organizer-requests [36m304[0m 34.196 ms - -[0m
[0mOPTIONS /api/v1/dashboard/stats [32m204[0m 0.995 ms - 0[0m
[0mGET /api/v1/dashboard/stats [36m304[0m 86.244 ms - -[0m
[0mOPTIONS /api/v1/logs/telemetry [32m204[0m 3.566 ms - 0[0m
2026-04-11 23:18:16 [32minfo[39m: [FRONTEND] VisiTrack Frontend Initialized
[0mPOST /api/v1/logs/telemetry [32m204[0m 2.251 ms - -[0m
[0mOPTIONS /api/v1/dashboard/stats [32m204[0m 0.551 ms - 0[0m
[0mGET /api/v1/dashboard/stats [32m200[0m 83.421 ms - 481[0m
[0mOPTIONS /api/v1/form-templates [32m204[0m 1.115 ms - 0[0m
[0mGET /api/v1/form-templates [32m200[0m 35.223 ms - -[0m
[0mOPTIONS /api/v1/users/organizer-requests [32m204[0m 0.340 ms - 0[0m
[0mGET /api/v1/users/organizer-requests [36m304[0m 26.701 ms - -[0m
[0mOPTIONS /api/v1/dashboard/stats [32m204[0m 1.012 ms - 0[0m
[0mGET /api/v1/dashboard/stats [32m200[0m 85.962 ms - 481[0m
[0mOPTIONS /api/v1/logs/telemetry [32m204[0m 0.370 ms - 0[0m
2026-04-11 23:19:11 [32minfo[39m: [FRONTEND] VisiTrack Frontend Initialized
[0mPOST /api/v1/logs/telemetry [32m204[0m 3.717 ms - -[0m
[0mOPTIONS /api/v1/users/organizer-requests [32m204[0m 1.054 ms - 0[0m
[0mGET /api/v1/users/organizer-requests [36m304[0m 28.771 ms - -[0m
[0mOPTIONS /api/v1/dashboard/stats [32m204[0m 0.489 ms - 0[0m
[0mGET /api/v1/dashboard/stats [32m200[0m 73.299 ms - 481[0m
[0mOPTIONS /api/v1/logs/telemetry [32m204[0m 0.455 ms - 0[0m
2026-04-11 23:20:13 [32minfo[39m: [FRONTEND] VisiTrack Frontend Initialized
[0mPOST /api/v1/logs/telemetry [32m204[0m 1.915 ms - -[0m
[0mOPTIONS /api/v1/auth/login [32m204[0m 1.239 ms - 0[0m
[0mPOST /api/v1/auth/login [32m200[0m 108.046 ms - 972[0m
[0mOPTIONS /api/v1/events?page=1&limit=9 [32m204[0m 0.735 ms - 0[0m
[0mGET /api/v1/events?page=1&limit=9 [32m200[0m 1766.012 ms - -[0m
[0mOPTIONS /api/v1/logs/telemetry [32m204[0m 0.947 ms - 0[0m
2026-04-11 23:21:18 [32minfo[39m: [FRONTEND] VisiTrack Frontend Initialized
[0mPOST /api/v1/logs/telemetry [32m204[0m 1.354 ms - -[0m
[0mOPTIONS /api/v1/users/organizer-requests [32m204[0m 0.556 ms - 0[0m
[31merror[39m: GET /api/v1/users/organizer-requests - Forbidden {"service":"visitrack","timestamp":"2026-04-11 23:21:18"}
[0mGET /api/v1/users/organizer-requests [33m403[0m 32.831 ms - 272[0m
[0mOPTIONS /api/v1/events?page=1&limit=9 [32m204[0m 0.541 ms - 0[0m
[0mGET /api/v1/events?page=1&limit=9 [36m304[0m 52.429 ms - -[0m
[0mOPTIONS /api/v1/auth/login [32m204[0m 1.301 ms - 0[0m
[0mPOST /api/v1/auth/login [32m200[0m 83.236 ms - 975[0m
[0mOPTIONS /api/v1/dashboard/stats [32m204[0m 1.198 ms - 0[0m
[0mGET /api/v1/dashboard/stats [32m200[0m 81.603 ms - 481[0m
[0mOPTIONS /api/v1/logs/telemetry [32m204[0m 0.760 ms - 0[0m
2026-04-11 23:24:11 [32minfo[39m: [FRONTEND] VisiTrack Frontend Initialized
[0mPOST /api/v1/logs/telemetry [32m204[0m 2.568 ms - -[0m
[0mOPTIONS /api/v1/users/organizer-requests [32m204[0m 0.637 ms - 0[0m
[0mGET /api/v1/users/organizer-requests [32m200[0m 29.341 ms - -[0m
[0mOPTIONS /api/v1/dashboard/stats [32m204[0m 0.520 ms - 0[0m
[0mGET /api/v1/dashboard/stats [32m200[0m 66.719 ms - 481[0m
[0mOPTIONS /api/v1/logs/telemetry [32m204[0m 0.834 ms - 0[0m
2026-04-11 23:24:55 [32minfo[39m: [FRONTEND] VisiTrack Frontend Initialized
[0mPOST /api/v1/logs/telemetry [32m204[0m 3.115 ms - -[0m
[0mOPTIONS /api/v1/dashboard/stats [32m204[0m 34.322 ms - 0[0m
[0mGET /api/v1/dashboard/stats [32m200[0m 70.840 ms - 481[0m
[0mOPTIONS /api/v1/logs/telemetry [32m204[0m 0.728 ms - 0[0m
2026-04-11 23:25:33 [32minfo[39m: [FRONTEND] VisiTrack Frontend Initialized
[0mPOST /api/v1/logs/telemetry [32m204[0m 1.501 ms - -[0m
[0mOPTIONS /api/v1/users/organizer-requests [32m204[0m 0.651 ms - 0[0m
[0mGET /api/v1/users/organizer-requests [36m304[0m 62.007 ms - -[0m
[0mOPTIONS /api/v1/dashboard/stats [32m204[0m 0.612 ms - 0[0m
[0mGET /api/v1/dashboard/stats [32m200[0m 92.354 ms - 481[0m
[0mOPTIONS /api/v1/logs/telemetry [32m204[0m 0.800 ms - 0[0m
2026-04-11 23:26:56 [32minfo[39m: [FRONTEND] VisiTrack Frontend Initialized
[0mPOST /api/v1/logs/telemetry [32m204[0m 3.604 ms - -[0m
[0mOPTIONS /api/v1/logs/telemetry [32m204[0m 0.497 ms - 0[0m
[0mOPTIONS /api/v1/users/organizer-requests [32m204[0m 0.620 ms - 0[0m
2026-04-11 23:27:28 [32minfo[39m: [FRONTEND] VisiTrack Frontend Initialized
[0mPOST /api/v1/logs/telemetry [32m204[0m 1.865 ms - -[0m
[0mGET /api/v1/users/organizer-requests [36m304[0m 28.484 ms - -[0m
[0mOPTIONS /api/v1/dashboard/stats [32m204[0m 0.714 ms - 0[0m
[0mGET /api/v1/dashboard/stats [32m200[0m 84.747 ms - 481[0m
[0mOPTIONS /api/v1/form-templates [32m204[0m 0.684 ms - 0[0m
[0mGET /api/v1/form-templates [36m304[0m 19.077 ms - -[0m
[0mOPTIONS /api/v1/users/organizer-requests [32m204[0m 0.613 ms - 0[0m
[0mGET /api/v1/users/organizer-requests [36m304[0m 32.058 ms - -[0m
[0mOPTIONS /api/v1/dashboard/stats [32m204[0m 1.644 ms - 0[0m
[0mGET /api/v1/dashboard/stats [36m304[0m 72.728 ms - -[0m
[0mOPTIONS /api/v1/logs/telemetry [32m204[0m 1.187 ms - 0[0m
2026-04-11 23:28:19 [32minfo[39m: [FRONTEND] VisiTrack Frontend Initialized
[0mPOST /api/v1/logs/telemetry [32m204[0m 3.046 ms - -[0m
[0mOPTIONS /api/v1/auth/login [32m204[0m 0.960 ms - 0[0m
[0mPOST /api/v1/auth/login [32m200[0m 84.241 ms - 975[0m
[0mOPTIONS /api/v1/dashboard/stats [32m204[0m 1.237 ms - 0[0m
[0mGET /api/v1/dashboard/stats [36m304[0m 99.018 ms - -[0m
[0mOPTIONS /api/v1/users/organizer-requests [32m204[0m 0.557 ms - 0[0m
[0mGET /api/v1/users/organizer-requests [36m304[0m 32.191 ms - -[0m
[0mOPTIONS /api/v1/dashboard/stats [32m204[0m 0.952 ms - 0[0m
[0mGET /api/v1/dashboard/stats [36m304[0m 79.300 ms - -[0m
[0mOPTIONS /api/v1/logs/telemetry [32m204[0m 0.863 ms - 0[0m
2026-04-11 23:29:42 [32minfo[39m: [FRONTEND] VisiTrack Frontend Initialized
[0mPOST /api/v1/logs/telemetry [32m204[0m 6.311 ms - -[0m
[0mOPTIONS /api/v1/users/organizer-requests [32m204[0m 0.484 ms - 0[0m
[0mGET /api/v1/users/organizer-requests [36m304[0m 26.126 ms - -[0m
[0mOPTIONS /api/v1/dashboard/stats [32m204[0m 0.488 ms - 0[0m
[0mGET /api/v1/dashboard/stats [32m200[0m 74.884 ms - 481[0m
[0mOPTIONS /api/v1/logs/telemetry [32m204[0m 0.389 ms - 0[0m
2026-04-11 23:30:41 [32minfo[39m: [FRONTEND] VisiTrack Frontend Initialized
[0mPOST /api/v1/logs/telemetry [32m204[0m 1.714 ms - -[0m
[0mOPTIONS /api/v1/users/organizer-requests [32m204[0m 0.495 ms - 0[0m
[0mGET /api/v1/users/organizer-requests [36m304[0m 40.592 ms - -[0m
[0mOPTIONS /api/v1/dashboard/stats [32m204[0m 4.746 ms - 0[0m
[0mGET /api/v1/dashboard/stats [36m304[0m 75.803 ms - -[0m
[0mOPTIONS /api/v1/logs/telemetry [32m204[0m 0.422 ms - 0[0m
2026-04-11 23:31:22 [32minfo[39m: [FRONTEND] VisiTrack Frontend Initialized
[0mPOST /api/v1/logs/telemetry [32m204[0m 0.985 ms - -[0m
[0mOPTIONS /api/v1/auth/login [32m204[0m 2.279 ms - 0[0m
[0mPOST /api/v1/auth/login [32m200[0m 67.165 ms - 975[0m
[0mOPTIONS /api/v1/dashboard/stats [32m204[0m 0.356 ms - 0[0m
[0mGET /api/v1/dashboard/stats [32m200[0m 104.340 ms - 481[0m
[0mOPTIONS /api/v1/logs/telemetry [32m204[0m 6.542 ms - 0[0m
2026-04-12 00:51:02 [32minfo[39m: [FRONTEND] VisiTrack Frontend Initialized
[0mPOST /api/v1/logs/telemetry [32m204[0m 28.229 ms - -[0m
[0mOPTIONS /api/v1/auth/login [32m204[0m 1.683 ms - 0[0m
[31merror[39m: POST /api/v1/auth/login - Incorrect email or password {"service":"visitrack","timestamp":"2026-04-12 00:51:22"}
[0mPOST /api/v1/auth/login [33m401[0m 388.690 ms - 442[0m
[0mOPTIONS /api/v1/auth/login [32m204[0m 0.325 ms - 0[0m
[31merror[39m: POST /api/v1/auth/login - Incorrect email or password {"service":"visitrack","timestamp":"2026-04-12 00:51:44"}
[0mPOST /api/v1/auth/login [33m401[0m 65.756 ms - 442[0m
[0mOPTIONS /api/v1/logs/telemetry [32m204[0m 0.602 ms - 0[0m
2026-04-12 00:52:04 [32minfo[39m: [FRONTEND] VisiTrack Frontend Initialized
[0mPOST /api/v1/logs/telemetry [32m204[0m 2.479 ms - -[0m
[0mOPTIONS /api/v1/form-templates [32m204[0m 2.201 ms - 0[0m
[0mGET /api/v1/form-templates [36m304[0m 59.410 ms - -[0m
[0mOPTIONS /api/v1/form-templates [32m204[0m 0.880 ms - 0[0m
[31merror[39m: POST /api/v1/form-templates - Please authenticate {"service":"visitrack","timestamp":"2026-04-12 01:05:19"}
[0mPOST /api/v1/form-templates [33m401[0m 27.189 ms - -[0m
[0mOPTIONS /api/v1/auth/refresh-tokens [32m204[0m 0.673 ms - 0[0m
[0mPOST /api/v1/auth/refresh-tokens [32m200[0m 68.444 ms - 591[0m
[0mPOST /api/v1/form-templates [32m201[0m 187.232 ms - 846[0m
[0mGET /api/v1/form-templates [32m200[0m 66.522 ms - -[0m
[0mOPTIONS /api/v1/logs/telemetry [32m204[0m 0.313 ms - 0[0m
2026-04-12 01:06:48 [32minfo[39m: [FRONTEND] VisiTrack Frontend Initialized
[0mPOST /api/v1/logs/telemetry [32m204[0m 1.424 ms - -[0m
[0mOPTIONS /api/v1/auth/login [32m204[0m 0.679 ms - 0[0m
[31merror[39m: POST /api/v1/auth/login - Incorrect email or password {"service":"visitrack","timestamp":"2026-04-12 01:07:30"}
[0mPOST /api/v1/auth/login [33m401[0m 46.356 ms - 442[0m
[0mOPTIONS /api/v1/auth/login [32m204[0m 0.575 ms - 0[0m
[31merror[39m: POST /api/v1/auth/login - Incorrect email or password {"service":"visitrack","timestamp":"2026-04-12 01:10:22"}
[0mPOST /api/v1/auth/login [33m401[0m 39.412 ms - 442[0m
[0mOPTIONS /api/v1/auth/login [32m204[0m 1.453 ms - 0[0m
[31merror[39m: POST /api/v1/auth/login - Incorrect email or password {"service":"visitrack","timestamp":"2026-04-12 01:12:21"}
[0mPOST /api/v1/auth/login [33m401[0m 75.993 ms - 442[0m
[0mOPTIONS /api/v1/logs/telemetry [32m204[0m 0.677 ms - 0[0m
2026-04-12 01:16:46 [32minfo[39m: [FRONTEND] VisiTrack Frontend Initialized
[0mPOST /api/v1/logs/telemetry [32m204[0m 1.366 ms - -[0m
[0mOPTIONS /api/v1/auth/login [32m204[0m 0.980 ms - 0[0m
[31merror[39m: POST /api/v1/auth/login - Incorrect email or password {"service":"visitrack","timestamp":"2026-04-12 01:17:28"}
[0mPOST /api/v1/auth/login [33m401[0m 143.031 ms - 442[0m
[0mOPTIONS /api/v1/logs/telemetry [32m204[0m 2.057 ms - 0[0m
2026-04-12 01:21:39 [32minfo[39m: [FRONTEND] VisiTrack Frontend Initialized
[0mPOST /api/v1/logs/telemetry [32m204[0m 3.166 ms - -[0m
[0mOPTIONS /api/v1/auth/login [32m204[0m 0.707 ms - 0[0m
[31merror[39m: POST /api/v1/auth/login - Incorrect email or password {"service":"visitrack","timestamp":"2026-04-12 01:24:58"}
[0mPOST /api/v1/auth/login [33m401[0m 46.969 ms - 442[0m
[0mOPTIONS /api/v1/logs/telemetry [32m204[0m 0.233 ms - 0[0m
2026-04-12 01:26:40 [32minfo[39m: [FRONTEND] VisiTrack Frontend Initialized
[0mPOST /api/v1/logs/telemetry [32m204[0m 0.687 ms - -[0m
[0mOPTIONS /api/v1/logs/telemetry [32m204[0m 0.485 ms - 0[0m
2026-04-12 01:27:14 [32minfo[39m: [FRONTEND] VisiTrack Frontend Initialized
[0mPOST /api/v1/logs/telemetry [32m204[0m 0.920 ms - -[0m
[0mGET /api/v1/form-templates [36m304[0m 47.336 ms - -[0m
[0mOPTIONS /api/v1/auth/login [32m204[0m 0.904 ms - 0[0m
[31merror[39m: POST /api/v1/auth/login - Incorrect email or password {"service":"visitrack","timestamp":"2026-04-12 01:27:59"}
[0mPOST /api/v1/auth/login [33m401[0m 38.423 ms - 442[0m
[0mOPTIONS /api/v1/logs/telemetry [32m204[0m 0.607 ms - 0[0m
2026-04-12 01:29:26 [32minfo[39m: [FRONTEND] VisiTrack Frontend Initialized
[0mPOST /api/v1/logs/telemetry [32m204[0m 0.962 ms - -[0m
[0mOPTIONS /api/v1/logs/telemetry [32m204[0m 0.629 ms - 0[0m
2026-04-12 01:30:51 [32minfo[39m: [FRONTEND] VisiTrack Frontend Initialized
[0mPOST /api/v1/logs/telemetry [32m204[0m 1.129 ms - -[0m
[31merror[39m: GET /api/v1/dashboard/stats - Please authenticate {"service":"visitrack","timestamp":"2026-04-12 01:30:51"}
[0mGET /api/v1/dashboard/stats [33m401[0m 4.056 ms - -[0m
[0mOPTIONS /api/v1/auth/refresh-tokens [32m204[0m 1.001 ms - 0[0m
[31merror[39m: POST /api/v1/auth/refresh-tokens - "refreshToken" is required {"service":"visitrack","timestamp":"2026-04-12 01:30:51"}
[0mPOST /api/v1/auth/refresh-tokens [33m400[0m 14.288 ms - -[0m
[0mOPTIONS /api/v1/auth/login [32m204[0m 1.529 ms - 0[0m
[31merror[39m: POST /api/v1/auth/login - Incorrect email or password {"service":"visitrack","timestamp":"2026-04-12 01:32:07"}
[0mPOST /api/v1/auth/login [33m401[0m 47.796 ms - 442[0m
[0mOPTIONS /api/v1/logs/telemetry [32m204[0m 0.398 ms - 0[0m
2026-04-12 01:32:41 [32minfo[39m: [FRONTEND] VisiTrack Frontend Initialized
[0mPOST /api/v1/logs/telemetry [32m204[0m 1.307 ms - -[0m
[0mOPTIONS /api/v1/auth/register [32m204[0m 7.544 ms - 0[0m
[0mPOST /api/v1/auth/register [32m201[0m 255.607 ms - 997[0m
[0mOPTIONS /api/v1/auth/register [32m204[0m 4.326 ms - 0[0m
[31merror[39m: POST /api/v1/auth/register - Email already taken {"service":"visitrack","timestamp":"2026-04-12 01:36:26"}
[0mPOST /api/v1/auth/register [33m400[0m 103.978 ms - 294[0m
[0mOPTIONS /api/v1/auth/login [32m204[0m 0.552 ms - 0[0m
[0mPOST /api/v1/auth/login [32m200[0m 122.766 ms - 985[0m
[0mOPTIONS /api/v1/dashboard/stats [32m204[0m 0.557 ms - 0[0m
[0mGET /api/v1/dashboard/stats [32m200[0m 280.747 ms - 731[0m
[0mOPTIONS /api/v1/events?page=1&limit=9 [32m204[0m 5.447 ms - 0[0m
[0mGET /api/v1/events?page=1&limit=9 [36m304[0m 327.689 ms - -[0m
[0mOPTIONS /api/v1/events [32m204[0m 0.582 ms - 0[0m
[31merror[39m: POST /api/v1/events - "startDate" must be a valid date, "endDate" must be a valid date, "autoApproval" is not allowed {"service":"visitrack","timestamp":"2026-04-12 01:44:13"}
[0mPOST /api/v1/events [33m400[0m 59.776 ms - 752[0m
[0mOPTIONS /api/v1/logs/telemetry [32m204[0m 4.711 ms - 0[0m
2026-04-12 01:46:15 [32minfo[39m: [FRONTEND] VisiTrack Frontend Initialized
[0mPOST /api/v1/logs/telemetry [32m204[0m 5.466 ms - -[0m
[0mOPTIONS /api/v1/events?page=1&limit=9 [32m204[0m 0.407 ms - 0[0m
[0mGET /api/v1/events?page=1&limit=9 [36m304[0m 185.237 ms - -[0m
[0mOPTIONS /api/v1/events?page=2&limit=9 [32m204[0m 0.684 ms - 0[0m
[0mGET /api/v1/events?page=2&limit=9 [32m200[0m 97.231 ms - 719[0m
[0mOPTIONS /api/v1/logs/telemetry [32m204[0m 1.383 ms - 0[0m
2026-04-12 01:51:11 [32minfo[39m: [FRONTEND] VisiTrack Frontend Initialized
[0mPOST /api/v1/logs/telemetry [32m204[0m 3.094 ms - -[0m
[0mOPTIONS /api/v1/events?page=1&limit=9 [32m204[0m 0.449 ms - 0[0m
[0mGET /api/v1/events?page=1&limit=9 [36m304[0m 77.954 ms - -[0m
[0mOPTIONS /api/v1/events?page=2&limit=9 [32m204[0m 0.502 ms - 0[0m
[0mGET /api/v1/events?page=2&limit=9 [36m304[0m 93.778 ms - -[0m
[0mOPTIONS /api/v1/dashboard/stats [32m204[0m 0.454 ms - 0[0m
[0mGET /api/v1/dashboard/stats [36m304[0m 313.630 ms - -[0m
[0mOPTIONS /api/v1/events?page=1&limit=9 [32m204[0m 0.450 ms - 0[0m
[0mGET /api/v1/events?page=1&limit=9 [36m304[0m 153.483 ms - -[0m
[0mOPTIONS /api/v1/events [32m204[0m 7.649 ms - 0[0m
[31merror[39m: POST /api/v1/events - "startDate" must be a valid date, "endDate" must be a valid date, "autoApproval" is not allowed {"service":"visitrack","timestamp":"2026-04-12 01:59:32"}
[0mPOST /api/v1/events [33m400[0m 142.354 ms - 752[0m
[0mOPTIONS /api/v1/logs/telemetry [32m204[0m 7.684 ms - 0[0m
2026-04-12 02:02:38 [32minfo[39m: [FRONTEND] VisiTrack Frontend Initialized
[0mPOST /api/v1/logs/telemetry [32m204[0m 13.169 ms - -[0m
[0mOPTIONS /api/v1/events?page=1&limit=9 [32m204[0m 0.833 ms - 0[0m
[0mGET /api/v1/events?page=1&limit=9 [36m304[0m 119.262 ms - -[0m
[0mOPTIONS /api/v1/events?page=2&limit=9 [32m204[0m 1.197 ms - 0[0m
[0mGET /api/v1/events?page=2&limit=9 [36m304[0m 102.204 ms - -[0m
[0mOPTIONS /api/v1/events?page=2&limit=9&search=Future+Tech+Expo [32m204[0m 5.616 ms - 0[0m
[0mGET /api/v1/events?page=2&limit=9&search=Future+Tech+Expo [32m200[0m 143.202 ms - 148[0m
[0mOPTIONS /api/v1/dashboard/stats [32m204[0m 0.782 ms - 0[0m
[0mGET /api/v1/dashboard/stats [32m200[0m 385.321 ms - 731[0m
[0mOPTIONS /api/v1/events?page=1&limit=9 [32m204[0m 1.753 ms - 0[0m
[0mGET /api/v1/events?page=1&limit=9 [36m304[0m 153.897 ms - -[0m
[0mOPTIONS /api/v1/logs/telemetry [32m204[0m 8.704 ms - 0[0m
2026-04-12 02:11:28 [32minfo[39m: [FRONTEND] VisiTrack Frontend Initialized
[0mPOST /api/v1/logs/telemetry [32m204[0m 15.754 ms - -[0m
[0mOPTIONS /api/v1/auth/login [32m204[0m 3.350 ms - 0[0m
[31merror[39m: POST /api/v1/auth/login - Incorrect email or password {"service":"visitrack","timestamp":"2026-04-12 02:12:18"}
[0mPOST /api/v1/auth/login [33m401[0m 49.608 ms - 442[0m
[0mOPTIONS /api/v1/auth/login [32m204[0m 1.023 ms - 0[0m
[31merror[39m: POST /api/v1/auth/login - Incorrect email or password {"service":"visitrack","timestamp":"2026-04-12 02:15:03"}
[0mPOST /api/v1/auth/login [33m401[0m 37.843 ms - 442[0m
[0mOPTIONS /api/v1/logs/telemetry [32m204[0m 0.616 ms - 0[0m
2026-04-12 02:17:08 [32minfo[39m: [FRONTEND] VisiTrack Frontend Initialized
[0mPOST /api/v1/logs/telemetry [32m204[0m 2.526 ms - -[0m
[0mOPTIONS /api/v1/auth/login [32m204[0m 1.041 ms - 0[0m
[31merror[39m: POST /api/v1/auth/login - Incorrect email or password {"service":"visitrack","timestamp":"2026-04-12 02:17:59"}
[0mPOST /api/v1/auth/login [33m401[0m 29.411 ms - 442[0m
[0mOPTIONS /api/v1/auth/login [32m204[0m 0.949 ms - 0[0m
[31merror[39m: POST /api/v1/auth/login - Incorrect email or password {"service":"visitrack","timestamp":"2026-04-12 02:19:22"}
[0mPOST /api/v1/auth/login [33m401[0m 29.453 ms - 442[0m
[0mOPTIONS /api/v1/auth/login [32m204[0m 14.344 ms - 0[0m
[31merror[39m: POST /api/v1/auth/login - Incorrect email or password {"service":"visitrack","timestamp":"2026-04-12 02:21:00"}
[0mPOST /api/v1/auth/login [33m401[0m 40.795 ms - 442[0m
[0mOPTIONS /api/v1/logs/telemetry [32m204[0m 5.502 ms - 0[0m
2026-04-12 02:22:19 [32minfo[39m: [FRONTEND] VisiTrack Frontend Initialized
[0mPOST /api/v1/logs/telemetry [32m204[0m 8.368 ms - -[0m
[31merror[39m: GET /api/v1/dashboard/stats - Please authenticate {"service":"visitrack","timestamp":"2026-04-12 02:22:19"}
[0mGET /api/v1/dashboard/stats [33m401[0m 14.877 ms - -[0m
[0mOPTIONS /api/v1/auth/refresh-tokens [32m204[0m 0.479 ms - 0[0m
[31merror[39m: POST /api/v1/auth/refresh-tokens - "refreshToken" is required {"service":"visitrack","timestamp":"2026-04-12 02:22:19"}
[0mPOST /api/v1/auth/refresh-tokens [33m400[0m 5.075 ms - -[0m
[0mOPTIONS /api/v1/auth/login [32m204[0m 0.660 ms - 0[0m
[31merror[39m: POST /api/v1/auth/login - Incorrect email or password {"service":"visitrack","timestamp":"2026-04-12 02:23:06"}
[0mPOST /api/v1/auth/login [33m401[0m 54.904 ms - 442[0m
[0mOPTIONS /api/v1/auth/login [32m204[0m 1.797 ms - 0[0m
[31merror[39m: POST /api/v1/auth/login - Incorrect email or password {"service":"visitrack","timestamp":"2026-04-12 02:24:48"}
[0mPOST /api/v1/auth/login [33m401[0m 58.587 ms - 442[0m
[0mOPTIONS /api/v1/auth/login [32m204[0m 0.881 ms - 0[0m
[31merror[39m: POST /api/v1/auth/login - Incorrect email or password {"service":"visitrack","timestamp":"2026-04-12 02:25:58"}
[0mPOST /api/v1/auth/login [33m401[0m 28.551 ms - 442[0m
[0mOPTIONS /api/v1/auth/login [32m204[0m 0.645 ms - 0[0m
[31merror[39m: POST /api/v1/auth/login - Incorrect email or password {"service":"visitrack","timestamp":"2026-04-12 02:26:46"}
[0mPOST /api/v1/auth/login [33m401[0m 38.008 ms - 442[0m
[0mOPTIONS /api/v1/logs/telemetry [32m204[0m 2.017 ms - 0[0m
2026-04-12 02:27:22 [32minfo[39m: [FRONTEND] VisiTrack Frontend Initialized
[0mPOST /api/v1/logs/telemetry [32m204[0m 5.924 ms - -[0m
[0mGET /api/v1/events?page=1&limit=9 [36m304[0m 252.631 ms - -[0m
[0mGET /api/v1/events?page=1&limit=9&search=Future+Tech+Expo [32m200[0m 87.746 ms - 148[0m
[0mGET /api/v1/events?page=1&limit=9 [36m304[0m 122.627 ms - -[0m
[0mOPTIONS /api/v1/logs/telemetry [32m204[0m 0.640 ms - 0[0m
2026-04-12 02:40:43 [32minfo[39m: [FRONTEND] VisiTrack Frontend Initialized
[0mPOST /api/v1/logs/telemetry [32m204[0m 2.372 ms - -[0m
[0mOPTIONS /api/v1/auth/login [32m204[0m 1.948 ms - 0[0m
[31merror[39m: POST /api/v1/auth/login - Incorrect email or password {"service":"visitrack","timestamp":"2026-04-12 02:42:04"}
[0mPOST /api/v1/auth/login [33m401[0m 2703.294 ms - 442[0m
[0mOPTIONS /api/v1/auth/login [32m204[0m 0.843 ms - 0[0m
[31merror[39m: POST /api/v1/auth/login - Incorrect email or password {"service":"visitrack","timestamp":"2026-04-12 02:45:38"}
[0mPOST /api/v1/auth/login [33m401[0m 77.075 ms - 442[0m
[0mOPTIONS /api/v1/auth/login [32m204[0m 0.712 ms - 0[0m
[31merror[39m: POST /api/v1/auth/login - Incorrect email or password {"service":"visitrack","timestamp":"2026-04-12 02:52:28"}
[0mPOST /api/v1/auth/login [33m401[0m 121.840 ms - 442[0m
[0mOPTIONS /api/v1/logs/telemetry [32m204[0m 0.798 ms - 0[0m
2026-04-12 02:54:13 [32minfo[39m: [FRONTEND] VisiTrack Frontend Initialized
[0mPOST /api/v1/logs/telemetry [32m204[0m 0.979 ms - -[0m
[31merror[39m: GET /api/v1/dashboard/stats - Please authenticate {"service":"visitrack","timestamp":"2026-04-12 02:54:13"}
[0mGET /api/v1/dashboard/stats [33m401[0m 10.571 ms - -[0m
[0mOPTIONS /api/v1/auth/refresh-tokens [32m204[0m 0.567 ms - 0[0m
[31merror[39m: POST /api/v1/auth/refresh-tokens - "refreshToken" is required {"service":"visitrack","timestamp":"2026-04-12 02:54:13"}
[0mPOST /api/v1/auth/refresh-tokens [33m400[0m 6.776 ms - -[0m
[0mOPTIONS /api/v1/logs/telemetry [32m204[0m 0.254 ms - 0[0m
2026-04-12 02:55:45 [32minfo[39m: [FRONTEND] VisiTrack Frontend Initialized
[0mPOST /api/v1/logs/telemetry [32m204[0m 0.869 ms - -[0m
[0mOPTIONS /api/v1/logs/telemetry [32m204[0m 0.708 ms - 0[0m
2026-04-12 03:12:27 [32minfo[39m: [FRONTEND] VisiTrack Frontend Initialized
[0mPOST /api/v1/logs/telemetry [32m204[0m 1.447 ms - -[0m
[0mOPTIONS /api/v1/logs/telemetry [32m204[0m 0.664 ms - 0[0m
2026-04-12 03:24:12 [32minfo[39m: [FRONTEND] VisiTrack Frontend Initialized
[0mPOST /api/v1/logs/telemetry [32m204[0m 1.026 ms - -[0m
