◇ injected env (7) from .env // tip: ◈ secrets for agents [www.dotenvx.com]
[32minfo[39m: MongoDB Connected: ac-jcq97vp-shard-00-00.dg1eofu.mongodb.net {"service":"visitrack","timestamp":"2026-04-12 17:35:16"}
[32minfo[39m: In-memory Cache Initialized {"service":"visitrack","timestamp":"2026-04-12 17:35:16"}
[32minfo[39m: VisiTrack Server running on port 5001 {"service":"visitrack","timestamp":"2026-04-12 17:35:16"}
[31merror[39m: POST /api/v1/auth/register - Unauthorized role registration. Organizers must submit a request application. {"service":"visitrack","timestamp":"2026-04-12 17:35:17"}
[0mPOST /api/v1/auth/register [33m403[0m 30.076 ms - -[0m
[31merror[39m: POST /api/v1/auth/register - Unauthorized role registration. Organizers must submit a request application. {"service":"visitrack","timestamp":"2026-04-12 17:35:17"}
[0mPOST /api/v1/auth/register [33m403[0m 2.616 ms - -[0m
[0mPOST /api/v1/auth/register [32m201[0m 2030.145 ms - 1000[0m
[31merror[39m: POST /api/v1/users/public-organizer-request - "email" is required, "businessName" is required, "phone" is required, "description" is required {"service":"visitrack","timestamp":"2026-04-12 17:35:19"}
[0mPOST /api/v1/users/public-organizer-request [33m400[0m 2.869 ms - -[0m
[0mPOST /api/v1/users/public-organizer-request [32m201[0m 162.103 ms - 385[0m
[31merror[39m: POST /api/v1/users/public-organizer-request - A pending application for this email already exists. {"service":"visitrack","timestamp":"2026-04-12 17:35:19"}
[0mPOST /api/v1/users/public-organizer-request [33m400[0m 116.515 ms - 485[0m
◇ injected env (7) from .env // tip: ⌁ auth for agents [www.vestauth.com]
[32minfo[39m: MongoDB Connected: ac-jcq97vp-shard-00-00.dg1eofu.mongodb.net {"service":"visitrack","timestamp":"2026-04-12 18:16:48"}
[32minfo[39m: In-memory Cache Initialized {"service":"visitrack","timestamp":"2026-04-12 18:16:48"}
[32minfo[39m: VisiTrack Server running on port 5001 {"service":"visitrack","timestamp":"2026-04-12 18:16:48"}
[0mOPTIONS /api/v1/logs/telemetry [32m204[0m 38.588 ms - 0[0m
2026-04-12 18:17:24 [32minfo[39m: [FRONTEND] VisiTrack Frontend Initialized
[0mPOST /api/v1/logs/telemetry [32m204[0m 37.611 ms - -[0m
[0mOPTIONS /api/v1/auth/login [32m204[0m 4.646 ms - 0[0m
[0mPOST /api/v1/auth/login [32m200[0m 1222.049 ms - 975[0m
[0mOPTIONS /api/v1/dashboard/stats [32m204[0m 10.076 ms - 0[0m
[0mGET /api/v1/dashboard/stats [32m200[0m 6853.812 ms - 481[0m
[0mOPTIONS /api/v1/logs/telemetry [32m204[0m 2.664 ms - 0[0m
2026-04-12 18:18:14 [32minfo[39m: [FRONTEND] VisiTrack Frontend Initialized
[0mPOST /api/v1/logs/telemetry [32m204[0m 7.754 ms - -[0m
[0mOPTIONS /api/v1/form-templates [32m204[0m 3.990 ms - 0[0m
[0mGET /api/v1/form-templates [36m304[0m 160.196 ms - -[0m
[0mOPTIONS /api/v1/logs/telemetry [32m204[0m 0.581 ms - 0[0m
2026-04-12 18:22:35 [32minfo[39m: [FRONTEND] VisiTrack Frontend Initialized
[0mPOST /api/v1/logs/telemetry [32m204[0m 1.839 ms - -[0m
[0mOPTIONS /api/v1/auth/login [32m204[0m 0.601 ms - 0[0m
[0mPOST /api/v1/auth/login [32m200[0m 98.310 ms - 975[0m
[0mOPTIONS /api/v1/dashboard/stats [32m204[0m 5.344 ms - 0[0m
[0mGET /api/v1/dashboard/stats [32m200[0m 619.130 ms - 543[0m
[0mOPTIONS /api/v1/logs/telemetry [32m204[0m 0.318 ms - 0[0m
2026-04-12 18:24:59 [32minfo[39m: [FRONTEND] VisiTrack Frontend Initialized
[0mPOST /api/v1/logs/telemetry [32m204[0m 1.992 ms - -[0m
[0mOPTIONS /api/v1/form-templates [32m204[0m 0.696 ms - 0[0m
[0mGET /api/v1/form-templates [32m200[0m 118.015 ms - -[0m
[0mOPTIONS /api/v1/form-templates [32m204[0m 0.726 ms - 0[0m
[0mPOST /api/v1/form-templates [32m201[0m 446.778 ms - -[0m
[0mGET /api/v1/form-templates [32m200[0m 275.588 ms - -[0m
[0mOPTIONS /api/v1/logs/telemetry [32m204[0m 0.282 ms - 0[0m
2026-04-12 18:37:53 [32minfo[39m: [FRONTEND] VisiTrack Frontend Initialized
[0mPOST /api/v1/logs/telemetry [32m204[0m 0.707 ms - -[0m
[0mOPTIONS /api/v1/auth/login [32m204[0m 3.568 ms - 0[0m
[0mPOST /api/v1/auth/login [32m200[0m 93.180 ms - 988[0m
[0mOPTIONS /api/v1/dashboard/stats [32m204[0m 1.942 ms - 0[0m
[0mGET /api/v1/dashboard/stats [32m200[0m 1767.806 ms - 732[0m
[0mOPTIONS /api/v1/logs/telemetry [32m204[0m 0.983 ms - 0[0m
2026-04-12 18:41:10 [32minfo[39m: [FRONTEND] VisiTrack Frontend Initialized
[0mPOST /api/v1/logs/telemetry [32m204[0m 11.492 ms - -[0m
[0mOPTIONS /api/v1/events?page=1&limit=9 [32m204[0m 1.858 ms - 0[0m
[0mGET /api/v1/events?page=1&limit=9 [32m200[0m 824.668 ms - -[0m
[0mOPTIONS /api/v1/events?page=1&limit=9 [32m204[0m 1.315 ms - 0[0m
[0mOPTIONS /api/v1/form-templates [32m204[0m 1.999 ms - 0[0m
[31merror[39m: GET /api/v1/events?page=1&limit=9 - Connection to ac-jcq97vp-shard-00-02.dg1eofu.mongodb.net:27017 interrupted due to server monitor timeout {"service":"visitrack","timestamp":"2026-04-12 18:46:37"}
[0mGET /api/v1/events?page=1&limit=9 [31m500[0m 22334.050 ms - 834[0m
[0mOPTIONS /api/v1/events?page=1&limit=9 [32m204[0m 0.294 ms - 0[0m
[0mGET /api/v1/form-templates [0m-[0m - ms - -[0m
[0mOPTIONS /api/v1/form-templates [32m204[0m 0.304 ms - 0[0m
[31merror[39m: GET /api/v1/form-templates - getaddrinfo ENOTFOUND ac-jcq97vp-shard-00-00.dg1eofu.mongodb.net {"service":"visitrack","timestamp":"2026-04-12 18:47:07"}
[0mGET /api/v1/events?page=1&limit=9 [0m-[0m - ms - -[0m
[31merror[39m: GET /api/v1/events?page=1&limit=9 - getaddrinfo ENOTFOUND ac-jcq97vp-shard-00-00.dg1eofu.mongodb.net {"service":"visitrack","timestamp":"2026-04-12 18:47:08"}
[0mOPTIONS /api/v1/events?page=1&limit=9 [32m204[0m 0.325 ms - 0[0m
[0mGET /api/v1/form-templates [0m-[0m - ms - -[0m
[31merror[39m: GET /api/v1/form-templates - getaddrinfo ENOTFOUND ac-jcq97vp-shard-00-00.dg1eofu.mongodb.net {"service":"visitrack","timestamp":"2026-04-12 18:47:15"}
[0mOPTIONS /api/v1/form-templates [32m204[0m 0.397 ms - 0[0m
[0mGET /api/v1/events?page=1&limit=9 [0m-[0m - ms - -[0m
[31merror[39m: GET /api/v1/events?page=1&limit=9 - getaddrinfo ENOTFOUND ac-jcq97vp-shard-00-00.dg1eofu.mongodb.net {"service":"visitrack","timestamp":"2026-04-12 18:47:40"}
[0mOPTIONS /api/v1/events?page=1&limit=9 [32m204[0m 0.344 ms - 0[0m
[0mGET /api/v1/form-templates [0m-[0m - ms - -[0m
[31merror[39m: GET /api/v1/form-templates - getaddrinfo ENOTFOUND ac-jcq97vp-shard-00-00.dg1eofu.mongodb.net {"service":"visitrack","timestamp":"2026-04-12 18:47:47"}
[0mOPTIONS /api/v1/form-templates [32m204[0m 0.395 ms - 0[0m
[0mGET /api/v1/events?page=1&limit=9 [0m-[0m - ms - -[0m
[31merror[39m: GET /api/v1/events?page=1&limit=9 - getaddrinfo ENOTFOUND ac-jcq97vp-shard-00-00.dg1eofu.mongodb.net {"service":"visitrack","timestamp":"2026-04-12 18:48:14"}
[0mGET /api/v1/form-templates [0m-[0m - ms - -[0m
[31merror[39m: GET /api/v1/form-templates - getaddrinfo ENOTFOUND ac-jcq97vp-shard-00-00.dg1eofu.mongodb.net {"service":"visitrack","timestamp":"2026-04-12 18:48:21"}
[0mOPTIONS /api/v1/form-templates [32m204[0m 0.231 ms - 0[0m
[0mOPTIONS /api/v1/events?page=1&limit=9 [32m204[0m 0.362 ms - 0[0m
[0mGET /api/v1/form-templates [32m200[0m 6354.376 ms - -[0m
[0mGET /api/v1/events?page=1&limit=9 [32m200[0m 6710.157 ms - -[0m
[0mOPTIONS /api/v1/logs/telemetry [32m204[0m 2.952 ms - 0[0m
2026-04-12 19:01:28 [32minfo[39m: [FRONTEND] VisiTrack Frontend Initialized
[0mPOST /api/v1/logs/telemetry [32m204[0m 2.919 ms - -[0m
[0mOPTIONS /api/v1/auth/login [32m204[0m 0.760 ms - 0[0m
[0mPOST /api/v1/auth/login [32m200[0m 147.819 ms - 975[0m
[0mOPTIONS /api/v1/dashboard/stats [32m204[0m 0.610 ms - 0[0m
[0mGET /api/v1/dashboard/stats [32m200[0m 597.415 ms - 543[0m
[0mOPTIONS /api/v1/logs/telemetry [32m204[0m 1.299 ms - 0[0m
2026-04-12 19:02:46 [32minfo[39m: [FRONTEND] VisiTrack Frontend Initialized
[0mPOST /api/v1/logs/telemetry [32m204[0m 1.152 ms - -[0m
[0mOPTIONS /api/v1/form-templates [32m204[0m 1.199 ms - 0[0m
[0mGET /api/v1/form-templates [36m304[0m 128.254 ms - -[0m
[0mOPTIONS /api/v1/logs/telemetry [32m204[0m 0.839 ms - 0[0m
2026-04-12 19:03:39 [32minfo[39m: [FRONTEND] VisiTrack Frontend Initialized
[0mPOST /api/v1/logs/telemetry [32m204[0m 1.833 ms - -[0m
[0mOPTIONS /api/v1/logs/telemetry [32m204[0m 2.258 ms - 0[0m
2026-04-12 19:03:56 [32minfo[39m: [FRONTEND] VisiTrack Frontend Initialized
[0mPOST /api/v1/logs/telemetry [32m204[0m 1.348 ms - -[0m
[0mOPTIONS /api/v1/form-templates [32m204[0m 0.487 ms - 0[0m
[0mGET /api/v1/form-templates [36m304[0m 100.700 ms - -[0m
[0mOPTIONS /api/v1/logs/telemetry [32m204[0m 0.463 ms - 0[0m
2026-04-12 19:06:15 [32minfo[39m: [FRONTEND] VisiTrack Frontend Initialized
[0mPOST /api/v1/logs/telemetry [32m204[0m 1.495 ms - -[0m
[0mOPTIONS /api/v1/form-templates [32m204[0m 0.699 ms - 0[0m
[0mGET /api/v1/form-templates [36m304[0m 77.992 ms - -[0m
[0mOPTIONS /api/v1/logs/telemetry [32m204[0m 1.199 ms - 0[0m
2026-04-12 19:08:07 [32minfo[39m: [FRONTEND] VisiTrack Frontend Initialized
[0mPOST /api/v1/logs/telemetry [32m204[0m 2.550 ms - -[0m
[0mOPTIONS /api/v1/form-templates [32m204[0m 4.397 ms - 0[0m
[0mGET /api/v1/form-templates [36m304[0m 155.476 ms - -[0m
[0mOPTIONS /api/v1/logs/telemetry [32m204[0m 1.003 ms - 0[0m
2026-04-12 19:09:10 [32minfo[39m: [FRONTEND] VisiTrack Frontend Initialized
[0mPOST /api/v1/logs/telemetry [32m204[0m 1.610 ms - -[0m
[0mOPTIONS /api/v1/dashboard/stats [32m204[0m 0.300 ms - 0[0m
[0mGET /api/v1/dashboard/stats [32m200[0m 583.021 ms - 543[0m
[0mOPTIONS /api/v1/users/organizer-requests [32m204[0m 0.829 ms - 0[0m
[0mGET /api/v1/users/organizer-requests [32m200[0m 258.133 ms - -[0m
[0mOPTIONS /api/v1/form-templates [32m204[0m 1.988 ms - 0[0m
[0mGET /api/v1/form-templates [36m304[0m 96.654 ms - -[0m
[0mOPTIONS /api/v1/form-templates [32m204[0m 0.480 ms - 0[0m
[31merror[39m: POST /api/v1/form-templates - E11000 duplicate key error collection: test.formtemplates index: name_1 dup key: { name: "New Template" } {"service":"visitrack","timestamp":"2026-04-12 19:25:18"}
[0mPOST /api/v1/form-templates [31m500[0m 261.551 ms - -[0m
[0mOPTIONS /api/v1/form-templates [32m204[0m 0.382 ms - 0[0m
[31merror[39m: POST /api/v1/form-templates - E11000 duplicate key error collection: test.formtemplates index: name_1 dup key: { name: "New Template" } {"service":"visitrack","timestamp":"2026-04-12 19:28:15"}
[0mPOST /api/v1/form-templates [31m500[0m 2718.420 ms - -[0m
[0mOPTIONS /api/v1/logs/telemetry [32m204[0m 0.275 ms - 0[0m
2026-04-12 19:31:33 [32minfo[39m: [FRONTEND] VisiTrack Frontend Initialized
[0mPOST /api/v1/logs/telemetry [32m204[0m 7.528 ms - -[0m
[0mOPTIONS /api/v1/form-templates [32m204[0m 0.975 ms - 0[0m
[0mGET /api/v1/form-templates [36m304[0m 583.701 ms - -[0m
[0mOPTIONS /api/v1/form-templates/69db9808b1c1663f57e6ed9e [32m204[0m 1.546 ms - 0[0m
[31merror[39m: PATCH /api/v1/form-templates/69db9808b1c1663f57e6ed9e - Please authenticate {"service":"visitrack","timestamp":"2026-04-12 19:46:53"}
[0mPATCH /api/v1/form-templates/69db9808b1c1663f57e6ed9e [33m401[0m 8.559 ms - -[0m
[0mOPTIONS /api/v1/auth/refresh-tokens [32m204[0m 1.197 ms - 0[0m
[0mPOST /api/v1/auth/refresh-tokens [32m200[0m 229.896 ms - 591[0m
[0mPATCH /api/v1/form-templates/69db9808b1c1663f57e6ed9e [32m200[0m 741.138 ms - -[0m
[0mOPTIONS /api/v1/form-templates [32m204[0m 0.444 ms - 0[0m
[0mGET /api/v1/form-templates [32m200[0m 235.681 ms - -[0m
[0mOPTIONS /api/v1/logs/telemetry [32m204[0m 0.443 ms - 0[0m
2026-04-12 19:46:57 [32minfo[39m: [FRONTEND] VisiTrack Frontend Initialized
[0mPOST /api/v1/logs/telemetry [32m204[0m 3.200 ms - -[0m
[0mGET /api/v1/form-templates [36m304[0m 318.628 ms - -[0m
[0mOPTIONS /api/v1/form-templates/69db9808b1c1663f57e6ed9e [32m204[0m 0.593 ms - 0[0m
[0mPATCH /api/v1/form-templates/69db9808b1c1663f57e6ed9e [32m200[0m 396.717 ms - -[0m
[0mOPTIONS /api/v1/form-templates [32m204[0m 0.571 ms - 0[0m
[0mGET /api/v1/form-templates [32m200[0m 181.760 ms - -[0m
[0mOPTIONS /api/v1/logs/telemetry [32m204[0m 0.438 ms - 0[0m
2026-04-12 19:53:16 [32minfo[39m: [FRONTEND] VisiTrack Frontend Initialized
[0mPOST /api/v1/logs/telemetry [32m204[0m 1.457 ms - -[0m
[0mOPTIONS /api/v1/auth/login [32m204[0m 1.814 ms - 0[0m
[0mPOST /api/v1/auth/login [32m200[0m 184.990 ms - 988[0m
[0mOPTIONS /api/v1/dashboard/stats [32m204[0m 0.775 ms - 0[0m
[0mGET /api/v1/dashboard/stats [32m200[0m 10232.503 ms - 732[0m
[0mOPTIONS /api/v1/logs/telemetry [32m204[0m 1.862 ms - 0[0m
2026-04-12 19:55:50 [32minfo[39m: [FRONTEND] VisiTrack Frontend Initialized
[0mPOST /api/v1/logs/telemetry [32m204[0m 10.931 ms - -[0m
[0mOPTIONS /api/v1/events?page=1&limit=9 [32m204[0m 5.469 ms - 0[0m
[0mGET /api/v1/events?page=1&limit=9 [36m304[0m 240.437 ms - -[0m
[0mOPTIONS /api/v1/logs/telemetry [32m204[0m 0.551 ms - 0[0m
2026-04-12 20:01:16 [32minfo[39m: [FRONTEND] VisiTrack Frontend Initialized
[0mPOST /api/v1/logs/telemetry [32m204[0m 2.398 ms - -[0m
[0mOPTIONS /api/v1/events?page=1&limit=9 [32m204[0m 5.264 ms - 0[0m
[0mGET /api/v1/events?page=1&limit=9 [36m304[0m 226.145 ms - -[0m
[0mOPTIONS /api/v1/events?page=1&limit=9 [32m204[0m 0.781 ms - 0[0m
[0mOPTIONS /api/v1/form-templates [32m204[0m 0.773 ms - 0[0m
[0mOPTIONS /api/v1/events?page=1&limit=9 [32m204[0m 0.921 ms - 0[0m
[31merror[39m: GET /api/v1/events?page=1&limit=9 - Connection to ac-jcq97vp-shard-00-02.dg1eofu.mongodb.net:27017 interrupted due to server monitor timeout {"service":"visitrack","timestamp":"2026-04-12 20:06:29"}
[0mGET /api/v1/events?page=1&limit=9 [31m500[0m 17453.189 ms - 834[0m
[0mOPTIONS /api/v1/events?page=1&limit=9 [32m204[0m 0.414 ms - 0[0m
[0mGET /api/v1/events?page=1&limit=9 [0m-[0m - ms - -[0m
[0mGET /api/v1/form-templates [0m-[0m - ms - -[0m
[0mOPTIONS /api/v1/form-templates [32m204[0m 0.415 ms - 0[0m
[0mOPTIONS /api/v1/events?page=1&limit=9 [32m204[0m 0.298 ms - 0[0m
[31merror[39m: GET /api/v1/form-templates - getaddrinfo ENOTFOUND ac-jcq97vp-shard-00-00.dg1eofu.mongodb.net {"service":"visitrack","timestamp":"2026-04-12 20:06:59"}
[31merror[39m: GET /api/v1/events?page=1&limit=9 - getaddrinfo ENOTFOUND ac-jcq97vp-shard-00-00.dg1eofu.mongodb.net {"service":"visitrack","timestamp":"2026-04-12 20:06:59"}
[0mGET /api/v1/events?page=1&limit=9 [0m-[0m - ms - -[0m
[0mOPTIONS /api/v1/events?page=1&limit=9 [32m204[0m 0.370 ms - 0[0m
[31merror[39m: GET /api/v1/events?page=1&limit=9 - getaddrinfo ENOTFOUND ac-jcq97vp-shard-00-00.dg1eofu.mongodb.net {"service":"visitrack","timestamp":"2026-04-12 20:07:12"}
[0mGET /api/v1/form-templates [0m-[0m - ms - -[0m
[0mGET /api/v1/events?page=1&limit=9 [0m-[0m - ms - -[0m
[31merror[39m: GET /api/v1/form-templates - getaddrinfo ENOTFOUND ac-jcq97vp-shard-00-00.dg1eofu.mongodb.net {"service":"visitrack","timestamp":"2026-04-12 20:07:13"}
[0mOPTIONS /api/v1/form-templates [32m204[0m 0.396 ms - 0[0m
[0mOPTIONS /api/v1/events?page=1&limit=9 [32m204[0m 0.322 ms - 0[0m
[31merror[39m: GET /api/v1/events?page=1&limit=9 - getaddrinfo ENOTFOUND ac-jcq97vp-shard-00-00.dg1eofu.mongodb.net {"service":"visitrack","timestamp":"2026-04-12 20:07:30"}
[0mGET /api/v1/events?page=1&limit=9 [0m-[0m - ms - -[0m
[0mOPTIONS /api/v1/events?page=1&limit=9 [32m204[0m 0.406 ms - 0[0m
[31merror[39m: GET /api/v1/events?page=1&limit=9 - getaddrinfo ENOTFOUND ac-jcq97vp-shard-00-00.dg1eofu.mongodb.net {"service":"visitrack","timestamp":"2026-04-12 20:07:43"}
[0mGET /api/v1/form-templates [0m-[0m - ms - -[0m
[0mGET /api/v1/events?page=1&limit=9 [0m-[0m - ms - -[0m
[31merror[39m: GET /api/v1/form-templates - getaddrinfo ENOTFOUND ac-jcq97vp-shard-00-00.dg1eofu.mongodb.net {"service":"visitrack","timestamp":"2026-04-12 20:07:45"}
[0mOPTIONS /api/v1/form-templates [32m204[0m 0.385 ms - 0[0m
[0mOPTIONS /api/v1/events?page=1&limit=9 [32m204[0m 0.303 ms - 0[0m
[31merror[39m: GET /api/v1/events?page=1&limit=9 - getaddrinfo ENOTFOUND ac-jcq97vp-shard-00-00.dg1eofu.mongodb.net {"service":"visitrack","timestamp":"2026-04-12 20:08:02"}
[0mGET /api/v1/events?page=1&limit=9 [0m-[0m - ms - -[0m
[31merror[39m: GET /api/v1/events?page=1&limit=9 - getaddrinfo ENOTFOUND ac-jcq97vp-shard-00-00.dg1eofu.mongodb.net {"service":"visitrack","timestamp":"2026-04-12 20:08:15"}
[0mGET /api/v1/form-templates [0m-[0m - ms - -[0m
[0mGET /api/v1/events?page=1&limit=9 [0m-[0m - ms - -[0m
[31merror[39m: GET /api/v1/form-templates - getaddrinfo ENOTFOUND ac-jcq97vp-shard-00-00.dg1eofu.mongodb.net {"service":"visitrack","timestamp":"2026-04-12 20:08:19"}
[31merror[39m: GET /api/v1/events?page=1&limit=9 - getaddrinfo ENOTFOUND ac-jcq97vp-shard-00-00.dg1eofu.mongodb.net {"service":"visitrack","timestamp":"2026-04-12 20:08:36"}
